<?xml version="1.0" encoding="UTF-8"?>
<!-- Generated by org.testng.reporters.JUnitXMLReporter -->
<testsuite ignored="0" hostname="Salenium-07" failures="0" tests="4" name="Default test" time="39.186" errors="0" timestamp="2022-10-14T09:45:22 GMT-04:00">
  <testcase classname="com.Spree.Create_Account_Using_API_Login_the_Account_Using_UI" name="createAccount" time="10.025"/>
  <testcase classname="com.Spree.Create_Account_Using_API_Login_the_Account_Using_UI" name="loginAccountusingUI" time="25.258"/>
  <testcase classname="com.Spree.Create_Account_Using_API_Login_the_Account_Using_UI" name="retrieveAccount" time="2.958"/>
  <testcase classname="com.Spree.Create_Account_Using_API_Login_the_Account_Using_UI" name="updateAccount" time="0.868"/>
</testsuite> <!-- Default test -->
